{"uuid":"415d5dbb-bb9e-4c7f-8873-4526914d1c4e","historyId":"338c8ecbeacc35cb59ba33b33b9a4dbd","fullName":"src/test/resources/Feature/UserModule.feature:101","labels":[{"name":"tag","value":"usermodule3"},{"name":"tag","value":"tag2"},{"name":"host","value":"LAPTOP-B4J14E8O"},{"name":"thread","value":"32320@LAPTOP-B4J14E8O.main(1)"},{"name":"feature","value":"User Module Post and Delete operations"},{"name":"story","value":"Create a new Admin with valid endpoint and request body with mandatory and additional fields"},{"name":"suite","value":"User Module Post and Delete operations"},{"name":"testClass","value":"Create a new Admin with valid endpoint and request body with mandatory and additional fields"},{"name":"framework","value":"cucumber4jvm"},{"name":"language","value":"java"},{"name":"gherkin_uri","value":"file:///C:/Users/14044/git/Team6_RestAssuredAPI/Users/senth/eclipse-workspace/Team6_Phase2_LMSAPIRestAssured/src/test/resources/Feature/UserModule.feature"},{"name":"package","value":"src.test.resources.Feature.UserModule_feature.User Module Post and Delete operations"}],"links":[],"name":"Create a new Admin with valid endpoint and request body with mandatory and additional fields","status":"failed","statusDetails":{"known":false,"muted":false,"flaky":false,"message":"1 expectation failed.\nResponse body doesn't match expectation.\nExpected: The content to match the given JSON schema.\nerror: object has missing required properties ([\"userComments\",\"userEduPg\",\"userEduUg\",\"userFirstName\",\"userId\",\"userLastName\",\"userLinkedinUrl\",\"userLocation\",\"userMiddleName\",\"userPhoneNumber\",\"userTimeZone\",\"userVisaStatus\"])\n    level: \"error\"\n    schema: {\"loadingURI\":\"#\",\"pointer\":\"\"}\n    instance: {\"pointer\":\"\"}\n    domain: \"validation\"\n    keyword: \"required\"\n    required: [\"userComments\",\"userEduPg\",\"userEduUg\",\"userFirstName\",\"userId\",\"userLastName\",\"userLinkedinUrl\",\"userLocation\",\"userMiddleName\",\"userPhoneNumber\",\"userTimeZone\",\"userVisaStatus\"]\n    missing: [\"userComments\",\"userEduPg\",\"userEduUg\",\"userFirstName\",\"userId\",\"userLastName\",\"userLinkedinUrl\",\"userLocation\",\"userMiddleName\",\"userPhoneNumber\",\"userTimeZone\",\"userVisaStatus\"]\n\n  Actual: {\"message\":\"Failed to create new UserLogin as email already exists!\",\"success\":false}\n","trace":"java.lang.AssertionError: 1 expectation failed.\nResponse body doesn't match expectation.\nExpected: The content to match the given JSON schema.\nerror: object has missing required properties ([\"userComments\",\"userEduPg\",\"userEduUg\",\"userFirstName\",\"userId\",\"userLastName\",\"userLinkedinUrl\",\"userLocation\",\"userMiddleName\",\"userPhoneNumber\",\"userTimeZone\",\"userVisaStatus\"])\n    level: \"error\"\n    schema: {\"loadingURI\":\"#\",\"pointer\":\"\"}\n    instance: {\"pointer\":\"\"}\n    domain: \"validation\"\n    keyword: \"required\"\n    required: [\"userComments\",\"userEduPg\",\"userEduUg\",\"userFirstName\",\"userId\",\"userLastName\",\"userLinkedinUrl\",\"userLocation\",\"userMiddleName\",\"userPhoneNumber\",\"userTimeZone\",\"userVisaStatus\"]\n    missing: [\"userComments\",\"userEduPg\",\"userEduUg\",\"userFirstName\",\"userId\",\"userLastName\",\"userLinkedinUrl\",\"userLocation\",\"userMiddleName\",\"userPhoneNumber\",\"userTimeZone\",\"userVisaStatus\"]\n\n  Actual: {\"message\":\"Failed to create new UserLogin as email already exists!\",\"success\":false}\n\r\n\tat java.base/jdk.internal.reflect.DirectConstructorHandleAccessor.newInstance(DirectConstructorHandleAccessor.java:62)\r\n\tat java.base/java.lang.reflect.Constructor.newInstanceWithCaller(Constructor.java:502)\r\n\tat java.base/java.lang.reflect.Constructor.newInstance(Constructor.java:486)\r\n\tat org.codehaus.groovy.reflection.CachedConstructor.invoke(CachedConstructor.java:73)\r\n\tat org.codehaus.groovy.runtime.callsite.ConstructorSite$ConstructorSiteNoUnwrapNoCoerce.callConstructor(ConstructorSite.java:108)\r\n\tat org.codehaus.groovy.runtime.callsite.CallSiteArray.defaultCallConstructor(CallSiteArray.java:57)\r\n\tat org.codehaus.groovy.runtime.callsite.AbstractCallSite.callConstructor(AbstractCallSite.java:263)\r\n\tat org.codehaus.groovy.runtime.callsite.AbstractCallSite.callConstructor(AbstractCallSite.java:277)\r\n\tat io.restassured.internal.ResponseSpecificationImpl$HamcrestAssertionClosure.validate(ResponseSpecificationImpl.groovy:512)\r\n\tat io.restassured.internal.ResponseSpecificationImpl$HamcrestAssertionClosure$validate$1.call(Unknown Source)\r\n\tat io.restassured.internal.ResponseSpecificationImpl.validateResponseIfRequired(ResponseSpecificationImpl.groovy:696)\r\n\tat io.restassured.internal.ResponseSpecificationImpl.this$2$validateResponseIfRequired(ResponseSpecificationImpl.groovy)\r\n\tat java.base/jdk.internal.reflect.DirectMethodHandleAccessor.invoke(DirectMethodHandleAccessor.java:103)\r\n\tat java.base/java.lang.reflect.Method.invoke(Method.java:580)\r\n\tat org.codehaus.groovy.runtime.callsite.PlainObjectMetaMethodSite.doInvoke(PlainObjectMetaMethodSite.java:43)\r\n\tat org.codehaus.groovy.runtime.callsite.PogoMetaMethodSite$PogoCachedMethodSiteNoUnwrapNoCoerce.invoke(PogoMetaMethodSite.java:198)\r\n\tat org.codehaus.groovy.runtime.callsite.PogoMetaMethodSite.callCurrent(PogoMetaMethodSite.java:62)\r\n\tat org.codehaus.groovy.runtime.callsite.AbstractCallSite.callCurrent(AbstractCallSite.java:185)\r\n\tat io.restassured.internal.ResponseSpecificationImpl.body(ResponseSpecificationImpl.groovy:107)\r\n\tat io.restassured.internal.ValidatableResponseOptionsImpl.body(ValidatableResponseOptionsImpl.java:238)\r\n\tat StepDefinitions.USERMODULE.admin_receives_created_status_with_response_body(USERMODULE.java:620)\r\n\tat ✽.Admin receives 201 Created Status with response body.(file:///C:/Users/14044/git/Team6_RestAssuredAPI/Users/senth/eclipse-workspace/Team6_Phase2_LMSAPIRestAssured/src/test/resources/Feature/UserModule.feature:104)\r\n"},"stage":"finished","steps":[{"name":"Given  Admin creates request with valid credentials","status":"passed","statusDetails":{"known":false,"muted":false,"flaky":false},"stage":"finished","steps":[],"attachments":[],"parameters":[],"start":1712013701923,"stop":1712013702852},{"name":"When  Admin calls Post Https method  with valid endpoint","status":"passed","statusDetails":{"known":false,"muted":false,"flaky":false},"stage":"finished","steps":[],"attachments":[],"parameters":[],"start":1712013702854,"stop":1712013702890},{"name":"Then  Admin receives 200 created with auto generated token","status":"passed","statusDetails":{"known":false,"muted":false,"flaky":false},"stage":"finished","steps":[],"attachments":[],"parameters":[],"start":1712013702891,"stop":1712013702893},{"name":"Given  Admin creates POST request with all mandatory fields and additional fields","status":"passed","statusDetails":{"known":false,"muted":false,"flaky":false},"stage":"finished","steps":[],"attachments":[],"parameters":[],"start":1712013702894,"stop":1712013702965},{"name":"When  Admin sends HTTPS Request with endpoint","status":"passed","statusDetails":{"known":false,"muted":false,"flaky":false},"stage":"finished","steps":[],"attachments":[],"parameters":[],"start":1712013702967,"stop":1712013703177},{"name":"Then  Admin receives 201 Created Status with response body.","status":"failed","statusDetails":{"known":false,"muted":false,"flaky":false,"message":"1 expectation failed.\nResponse body doesn't match expectation.\nExpected: The content to match the given JSON schema.\nerror: object has missing required properties ([\"userComments\",\"userEduPg\",\"userEduUg\",\"userFirstName\",\"userId\",\"userLastName\",\"userLinkedinUrl\",\"userLocation\",\"userMiddleName\",\"userPhoneNumber\",\"userTimeZone\",\"userVisaStatus\"])\n    level: \"error\"\n    schema: {\"loadingURI\":\"#\",\"pointer\":\"\"}\n    instance: {\"pointer\":\"\"}\n    domain: \"validation\"\n    keyword: \"required\"\n    required: [\"userComments\",\"userEduPg\",\"userEduUg\",\"userFirstName\",\"userId\",\"userLastName\",\"userLinkedinUrl\",\"userLocation\",\"userMiddleName\",\"userPhoneNumber\",\"userTimeZone\",\"userVisaStatus\"]\n    missing: [\"userComments\",\"userEduPg\",\"userEduUg\",\"userFirstName\",\"userId\",\"userLastName\",\"userLinkedinUrl\",\"userLocation\",\"userMiddleName\",\"userPhoneNumber\",\"userTimeZone\",\"userVisaStatus\"]\n\n  Actual: {\"message\":\"Failed to create new UserLogin as email already exists!\",\"success\":false}\n","trace":"java.lang.AssertionError: 1 expectation failed.\nResponse body doesn't match expectation.\nExpected: The content to match the given JSON schema.\nerror: object has missing required properties ([\"userComments\",\"userEduPg\",\"userEduUg\",\"userFirstName\",\"userId\",\"userLastName\",\"userLinkedinUrl\",\"userLocation\",\"userMiddleName\",\"userPhoneNumber\",\"userTimeZone\",\"userVisaStatus\"])\n    level: \"error\"\n    schema: {\"loadingURI\":\"#\",\"pointer\":\"\"}\n    instance: {\"pointer\":\"\"}\n    domain: \"validation\"\n    keyword: \"required\"\n    required: [\"userComments\",\"userEduPg\",\"userEduUg\",\"userFirstName\",\"userId\",\"userLastName\",\"userLinkedinUrl\",\"userLocation\",\"userMiddleName\",\"userPhoneNumber\",\"userTimeZone\",\"userVisaStatus\"]\n    missing: [\"userComments\",\"userEduPg\",\"userEduUg\",\"userFirstName\",\"userId\",\"userLastName\",\"userLinkedinUrl\",\"userLocation\",\"userMiddleName\",\"userPhoneNumber\",\"userTimeZone\",\"userVisaStatus\"]\n\n  Actual: {\"message\":\"Failed to create new UserLogin as email already exists!\",\"success\":false}\n\r\n\tat java.base/jdk.internal.reflect.DirectConstructorHandleAccessor.newInstance(DirectConstructorHandleAccessor.java:62)\r\n\tat java.base/java.lang.reflect.Constructor.newInstanceWithCaller(Constructor.java:502)\r\n\tat java.base/java.lang.reflect.Constructor.newInstance(Constructor.java:486)\r\n\tat org.codehaus.groovy.reflection.CachedConstructor.invoke(CachedConstructor.java:73)\r\n\tat org.codehaus.groovy.runtime.callsite.ConstructorSite$ConstructorSiteNoUnwrapNoCoerce.callConstructor(ConstructorSite.java:108)\r\n\tat org.codehaus.groovy.runtime.callsite.CallSiteArray.defaultCallConstructor(CallSiteArray.java:57)\r\n\tat org.codehaus.groovy.runtime.callsite.AbstractCallSite.callConstructor(AbstractCallSite.java:263)\r\n\tat org.codehaus.groovy.runtime.callsite.AbstractCallSite.callConstructor(AbstractCallSite.java:277)\r\n\tat io.restassured.internal.ResponseSpecificationImpl$HamcrestAssertionClosure.validate(ResponseSpecificationImpl.groovy:512)\r\n\tat io.restassured.internal.ResponseSpecificationImpl$HamcrestAssertionClosure$validate$1.call(Unknown Source)\r\n\tat io.restassured.internal.ResponseSpecificationImpl.validateResponseIfRequired(ResponseSpecificationImpl.groovy:696)\r\n\tat io.restassured.internal.ResponseSpecificationImpl.this$2$validateResponseIfRequired(ResponseSpecificationImpl.groovy)\r\n\tat java.base/jdk.internal.reflect.DirectMethodHandleAccessor.invoke(DirectMethodHandleAccessor.java:103)\r\n\tat java.base/java.lang.reflect.Method.invoke(Method.java:580)\r\n\tat org.codehaus.groovy.runtime.callsite.PlainObjectMetaMethodSite.doInvoke(PlainObjectMetaMethodSite.java:43)\r\n\tat org.codehaus.groovy.runtime.callsite.PogoMetaMethodSite$PogoCachedMethodSiteNoUnwrapNoCoerce.invoke(PogoMetaMethodSite.java:198)\r\n\tat org.codehaus.groovy.runtime.callsite.PogoMetaMethodSite.callCurrent(PogoMetaMethodSite.java:62)\r\n\tat org.codehaus.groovy.runtime.callsite.AbstractCallSite.callCurrent(AbstractCallSite.java:185)\r\n\tat io.restassured.internal.ResponseSpecificationImpl.body(ResponseSpecificationImpl.groovy:107)\r\n\tat io.restassured.internal.ValidatableResponseOptionsImpl.body(ValidatableResponseOptionsImpl.java:238)\r\n\tat StepDefinitions.USERMODULE.admin_receives_created_status_with_response_body(USERMODULE.java:620)\r\n\tat ✽.Admin receives 201 Created Status with response body.(file:///C:/Users/14044/git/Team6_RestAssuredAPI/Users/senth/eclipse-workspace/Team6_Phase2_LMSAPIRestAssured/src/test/resources/Feature/UserModule.feature:104)\r\n"},"stage":"finished","steps":[],"attachments":[],"parameters":[],"start":1712013703179,"stop":1712013703287}],"attachments":[],"parameters":[],"start":1712013701922,"stop":1712013703299}