<?xml version="1.0" encoding="UTF-8"?>
<testng-results ignored="0" total="1" passed="1" failed="0" skipped="0">
  <reporter-output>
  </reporter-output>
  <suite started-at="2024-03-28T08:32:19 EDT" name="Default suite" finished-at="2024-03-28T08:32:30 EDT" duration-ms="10974">
    <groups>
    </groups>
    <test started-at="2024-03-28T08:32:19 EDT" name="Default test" finished-at="2024-03-28T08:32:30 EDT" duration-ms="10974">
      <class name="usermodule3.Authentication">
        <test-method signature="loginAPI()[pri:0, instance:usermodule3.Authentication@5542c4ed]" started-at="2024-03-28T08:32:19 EDT" name="loginAPI" finished-at="2024-03-28T08:32:30 EDT" duration-ms="10855" status="PASS">
          <reporter-output>
          </reporter-output>
        </test-method> <!-- loginAPI -->
      </class> <!-- usermodule3.Authentication -->
    </test> <!-- Default test -->
  </suite> <!-- Default suite -->
</testng-results>
